2026-04-19 10:40:35,049 - AccessControl - INFO - Loaded 1 faces from database.
2026-04-19 10:41:05,963 - AccessControl - INFO - Loaded 1 faces from database.
2026-04-19 10:41:05,967 - AccessControl - WARNING - Could not load physical GPIOs (Mocking instead): Unable to load any default pin factory!
2026-04-19 10:41:05,969 - AccessControl - ERROR - Failed to load IR sensor: Unable to load any default pin factory!
2026-04-19 10:41:06,017 - AccessControl - ERROR - Failed to load DHT11 sensor (ensure adafruit-circuitpython-dht is installed): No module named 'lgpio'
2026-04-19 10:41:06,020 - AccessControl - INFO - Initializing Flask Multi-Camera Node Stream Server.
2026-04-19 10:41:23,160 - AccessControl - INFO - Loaded 1 faces from database.
2026-04-19 10:41:23,165 - AccessControl - WARNING - Could not load physical GPIOs (Mocking instead): Unable to load any default pin factory!
2026-04-19 10:41:23,167 - AccessControl - ERROR - Failed to load IR sensor: Unable to load any default pin factory!
2026-04-19 10:41:23,174 - AccessControl - ERROR - Failed to load DHT11 sensor (ensure adafruit-circuitpython-dht is installed): No module named 'lgpio'
2026-04-19 10:41:23,177 - AccessControl - INFO - Initializing Flask Multi-Camera Node Stream Server.
2026-04-19 10:41:36,062 - AccessControl - INFO - 30s Poll trigger: Checking all active webcams for faces...
2026-04-19 10:42:06,088 - AccessControl - INFO - 30s Poll trigger: Checking all active webcams for faces...
2026-04-19 10:42:36,109 - AccessControl - INFO - 30s Poll trigger: Checking all active webcams for faces...
2026-04-19 10:43:06,131 - AccessControl - INFO - 30s Poll trigger: Checking all active webcams for faces...
2026-04-19 10:43:36,168 - AccessControl - INFO - 30s Poll trigger: Checking all active webcams for faces...
2026-04-19 10:44:06,197 - AccessControl - INFO - 30s Poll trigger: Checking all active webcams for faces...
2026-04-19 10:44:28,323 - AccessControl - INFO - Loaded 1 faces from database.
2026-04-19 10:44:28,328 - AccessControl - WARNING - Could not load physical GPIOs (Mocking instead): Unable to load any default pin factory!
2026-04-19 10:44:28,333 - AccessControl - ERROR - Failed to load IR sensor: Unable to load any default pin factory!
2026-04-19 10:44:28,340 - AccessControl - ERROR - Failed to load DHT11 sensor (ensure adafruit-circuitpython-dht is installed): No module named 'lgpio'
2026-04-19 10:44:28,343 - AccessControl - INFO - Initializing Flask Multi-Camera Node Stream Server.
2026-04-19 10:44:36,223 - AccessControl - INFO - 30s Poll trigger: Checking all active webcams for faces...
2026-04-19 10:45:06,247 - AccessControl - INFO - 30s Poll trigger: Checking all active webcams for faces...
2026-04-19 10:45:36,271 - AccessControl - INFO - 30s Poll trigger: Checking all active webcams for faces...
2026-04-19 10:46:04,071 - AccessControl - INFO - Admin logged into dashboard.
2026-04-19 10:46:06,308 - AccessControl - INFO - 30s Poll trigger: Checking all active webcams for faces...
2026-04-19 10:46:36,341 - AccessControl - INFO - 30s Poll trigger: Checking all active webcams for faces...
2026-04-19 10:47:06,367 - AccessControl - INFO - 30s Poll trigger: Checking all active webcams for faces...
2026-04-19 10:47:36,403 - AccessControl - INFO - 30s Poll trigger: Checking all active webcams for faces...
2026-04-19 10:48:06,438 - AccessControl - INFO - 30s Poll trigger: Checking all active webcams for faces...
2026-04-19 10:48:36,469 - AccessControl - INFO - 30s Poll trigger: Checking all active webcams for faces...
2026-04-19 10:49:06,496 - AccessControl - INFO - 30s Poll trigger: Checking all active webcams for faces...
2026-04-19 10:49:36,526 - AccessControl - INFO - 30s Poll trigger: Checking all active webcams for faces...
2026-04-19 10:50:06,553 - AccessControl - INFO - 30s Poll trigger: Checking all active webcams for faces...
2026-04-19 10:50:36,580 - AccessControl - INFO - 30s Poll trigger: Checking all active webcams for faces...
2026-04-19 10:51:06,086 - AccessControl - INFO - New camera node successfully registered: node_01
2026-04-19 10:51:06,609 - AccessControl - INFO - 30s Poll trigger: Checking all active webcams for faces...
2026-04-19 10:51:36,613 - AccessControl - INFO - 30s Poll trigger: Checking all active webcams for faces...
2026-04-19 10:52:06,650 - AccessControl - INFO - 30s Poll trigger: Checking all active webcams for faces...
2026-04-19 10:52:36,702 - AccessControl - INFO - 30s Poll trigger: Checking all active webcams for faces...
2026-04-19 10:53:06,741 - AccessControl - INFO - 30s Poll trigger: Checking all active webcams for faces...
2026-04-19 10:53:36,773 - AccessControl - INFO - 30s Poll trigger: Checking all active webcams for faces...
2026-04-19 10:54:06,810 - AccessControl - INFO - 30s Poll trigger: Checking all active webcams for faces...
2026-04-19 10:54:36,843 - AccessControl - INFO - 30s Poll trigger: Checking all active webcams for faces...
2026-04-19 10:55:06,882 - AccessControl - INFO - 30s Poll trigger: Checking all active webcams for faces...
2026-04-19 10:55:36,916 - AccessControl - INFO - 30s Poll trigger: Checking all active webcams for faces...
2026-04-19 10:56:06,956 - AccessControl - INFO - 30s Poll trigger: Checking all active webcams for faces...
2026-04-19 10:56:36,992 - AccessControl - INFO - 30s Poll trigger: Checking all active webcams for faces...
